<?xml version="1.0" encoding="UTF-8"?>
<testng-results ignored="0" total="7" passed="7" failed="0" skipped="0">
  <reporter-output>
  </reporter-output>
  <suite started-at="2022-11-05T10:09:17 IST" name="Default suite" finished-at="2022-11-05T10:09:37 IST" duration-ms="20135">
    <groups>
      <group name="cucumber">
        <method signature="AbstractTestNGCucumberTests.runScenario(io.cucumber.testng.PickleWrapper,io.cucumber.testng.FeatureWrapper)[pri:0, instance:Runner.Runner$runner@1dde4cb2]" name="runScenario" class="io.cucumber.testng.AbstractTestNGCucumberTests"/>
      </group> <!-- cucumber -->
    </groups>
    <test started-at="2022-11-05T10:09:17 IST" name="Default test" finished-at="2022-11-05T10:09:37 IST" duration-ms="20135">
      <class name="Runner.Runner$runner">
        <test-method is-config="true" signature="setUpClass(org.testng.ITestContext)[pri:0, instance:Runner.Runner$runner@1dde4cb2]" started-at="2022-11-05T10:09:17 IST" name="setUpClass" finished-at="2022-11-05T10:09:19 IST" duration-ms="1844" status="PASS">
          <params>
            <param index="0">
              <value>
                <![CDATA[org.testng.TestRunner@30c19bff]]>
              </value>
            </param>
          </params>
          <reporter-output>
          </reporter-output>
        </test-method> <!-- setUpClass -->
        <test-method signature="runScenario(io.cucumber.testng.PickleWrapper,io.cucumber.testng.FeatureWrapper)[pri:0, instance:Runner.Runner$runner@1dde4cb2]" started-at="2022-11-05T10:09:19 IST" name="runScenario" description="Runs Cucumber Scenarios" data-provider="scenarios" finished-at="2022-11-05T10:09:25 IST" duration-ms="6005" status="PASS">
          <params>
            <param index="0">
              <value>
                <![CDATA["User want to read the data from the database"]]>
              </value>
            </param>
            <param index="1">
              <value>
                <![CDATA["Delete Request with Id"]]>
              </value>
            </param>
          </params>
          <reporter-output>
          </reporter-output>
        </test-method> <!-- runScenario -->
        <test-method signature="runScenario(io.cucumber.testng.PickleWrapper,io.cucumber.testng.FeatureWrapper)[pri:0, instance:Runner.Runner$runner@1dde4cb2]" started-at="2022-11-05T10:09:25 IST" name="runScenario" description="Runs Cucumber Scenarios" data-provider="scenarios" finished-at="2022-11-05T10:09:25 IST" duration-ms="248" status="PASS">
          <params>
            <param index="0">
              <value>
                <![CDATA["User want to read the data from the database"]]>
              </value>
            </param>
            <param index="1">
              <value>
                <![CDATA["GetWithEmailOtp Request"]]>
              </value>
            </param>
          </params>
          <reporter-output>
          </reporter-output>
        </test-method> <!-- runScenario -->
        <test-method signature="runScenario(io.cucumber.testng.PickleWrapper,io.cucumber.testng.FeatureWrapper)[pri:0, instance:Runner.Runner$runner@1dde4cb2]" started-at="2022-11-05T10:09:25 IST" name="runScenario" description="Runs Cucumber Scenarios" data-provider="scenarios" finished-at="2022-11-05T10:09:25 IST" duration-ms="343" status="PASS">
          <params>
            <param index="0">
              <value>
                <![CDATA["User want to read the data from database"]]>
              </value>
            </param>
            <param index="1">
              <value>
                <![CDATA["GetWithEmail  Request"]]>
              </value>
            </param>
          </params>
          <reporter-output>
          </reporter-output>
        </test-method> <!-- runScenario -->
        <test-method signature="runScenario(io.cucumber.testng.PickleWrapper,io.cucumber.testng.FeatureWrapper)[pri:0, instance:Runner.Runner$runner@1dde4cb2]" started-at="2022-11-05T10:09:25 IST" name="runScenario" description="Runs Cucumber Scenarios" data-provider="scenarios" finished-at="2022-11-05T10:09:25 IST" duration-ms="150" status="PASS">
          <params>
            <param index="0">
              <value>
                <![CDATA["User want to read the data frm the database"]]>
              </value>
            </param>
            <param index="1">
              <value>
                <![CDATA["GetWithEmailPasswordSteps Request"]]>
              </value>
            </param>
          </params>
          <reporter-output>
          </reporter-output>
        </test-method> <!-- runScenario -->
        <test-method signature="runScenario(io.cucumber.testng.PickleWrapper,io.cucumber.testng.FeatureWrapper)[pri:0, instance:Runner.Runner$runner@1dde4cb2]" started-at="2022-11-05T10:09:25 IST" name="runScenario" description="Runs Cucumber Scenarios" data-provider="scenarios" finished-at="2022-11-05T10:09:25 IST" duration-ms="120" status="PASS">
          <params>
            <param index="0">
              <value>
                <![CDATA["User want to read the data from database"]]>
              </value>
            </param>
            <param index="1">
              <value>
                <![CDATA["User is able to fetch the data by ID"]]>
              </value>
            </param>
          </params>
          <reporter-output>
          </reporter-output>
        </test-method> <!-- runScenario -->
        <test-method signature="runScenario(io.cucumber.testng.PickleWrapper,io.cucumber.testng.FeatureWrapper)[pri:0, instance:Runner.Runner$runner@1dde4cb2]" started-at="2022-11-05T10:09:25 IST" name="runScenario" description="Runs Cucumber Scenarios" data-provider="scenarios" finished-at="2022-11-05T10:09:32 IST" duration-ms="6244" status="PASS">
          <params>
            <param index="0">
              <value>
                <![CDATA["User should be able to update data into database"]]>
              </value>
            </param>
            <param index="1">
              <value>
                <![CDATA["Put Request"]]>
              </value>
            </param>
          </params>
          <reporter-output>
          </reporter-output>
        </test-method> <!-- runScenario -->
        <test-method signature="runScenario(io.cucumber.testng.PickleWrapper,io.cucumber.testng.FeatureWrapper)[pri:0, instance:Runner.Runner$runner@1dde4cb2]" started-at="2022-11-05T10:09:32 IST" name="runScenario" description="Runs Cucumber Scenarios" data-provider="scenarios" finished-at="2022-11-05T10:09:37 IST" duration-ms="4969" status="PASS">
          <params>
            <param index="0">
              <value>
                <![CDATA["User should be able to add data into database"]]>
              </value>
            </param>
            <param index="1">
              <value>
                <![CDATA["user is able to post the data in database"]]>
              </value>
            </param>
          </params>
          <reporter-output>
          </reporter-output>
        </test-method> <!-- runScenario -->
        <test-method is-config="true" signature="tearDownClass()[pri:0, instance:Runner.Runner$runner@1dde4cb2]" started-at="2022-11-05T10:09:37 IST" name="tearDownClass" finished-at="2022-11-05T10:09:37 IST" duration-ms="58" status="PASS">
          <reporter-output>
          </reporter-output>
        </test-method> <!-- tearDownClass -->
      </class> <!-- Runner.Runner$runner -->
    </test> <!-- Default test -->
  </suite> <!-- Default suite -->
</testng-results>
